\BOOKMARK [1][-]{section*.2}{\376\377\000I\000n\000t\000r\000o\000d\000u\000c\000t\000i\000o\000n}{}% 1
\BOOKMARK [2][-]{section*.3}{\376\377\000A\000i\000m\000s\000\040\000o\000f\000\040\000t\000h\000e\000\040\000m\000o\000d\000u\000l\000e}{section*.2}% 2
\BOOKMARK [2][-]{section*.4}{\376\377\000L\000e\000a\000r\000n\000i\000n\000g\000\040\000m\000a\000t\000e\000r\000i\000a\000l\000\040\000f\000o\000r\000\040\000t\000h\000i\000s\000\040\000m\000o\000d\000u\000l\000e}{section*.2}% 3
\BOOKMARK [2][-]{section*.5}{\376\377\000T\000o\000\040\000b\000e\000\040\000a\000d\000d\000e\000d\000\040\000a\000f\000t\000e\000r\000\040\000t\000h\000e\000\040\000l\000e\000c\000t\000u\000r\000e}{section*.2}% 4
\BOOKMARK [1][-]{section*.6}{\376\377\000W\000h\000a\000t\000\040\000i\000s\000\040\000s\000t\000a\000t\000i\000s\000t\000i\000c\000a\000l\000\040\000l\000e\000a\000r\000n\000i\000n\000g\000?}{}% 5
\BOOKMARK [2][-]{section*.7}{\376\377\000V\000a\000r\000i\000a\000b\000l\000e\000\040\000t\000y\000p\000e\000s}{section*.6}% 6
\BOOKMARK [2][-]{section*.8}{\376\377\000E\000x\000a\000m\000p\000l\000e\000s\000\040\000o\000f\000\040\000l\000e\000a\000r\000n\000i\000n\000g\000\040\000p\000r\000o\000b\000l\000e\000m\000s}{section*.6}% 7
\BOOKMARK [2][-]{section*.17}{\376\377\000W\000h\000a\000t\000\040\000i\000s\000\040\000t\000h\000e\000\040\000a\000i\000m\000\040\000i\000n\000\040\000s\000t\000a\000t\000i\000s\000t\000i\000c\000a\000l\000\040\000l\000e\000a\000r\000n\000i\000n\000g\000?}{section*.6}% 8
\BOOKMARK [2][-]{section*.18}{\376\377\000P\000r\000e\000d\000i\000c\000t\000i\000o\000n}{section*.6}% 9
\BOOKMARK [2][-]{section*.21}{\376\377\000I\000n\000f\000e\000r\000e\000n\000c\000e}{section*.6}% 10
\BOOKMARK [2][-]{section*.22}{\376\377\000T\000h\000e\000\040\000d\000i\000f\000f\000e\000r\000e\000n\000c\000e\000\040\000b\000e\000t\000w\000e\000e\000n\000\040\000s\000t\000a\000t\000i\000s\000t\000i\000c\000a\000l\000\040\000l\000e\000a\000r\000n\000i\000n\000g\000\040\000a\000n\000d\000\040\000m\000a\000c\000h\000i\000n\000e\000\040\000l\000e\000a\000r\000n\000i\000n\000g}{section*.6}% 11
\BOOKMARK [2][-]{section*.23}{\376\377\000N\000a\000m\000i\000n\000g\000\040\000c\000o\000n\000v\000e\000n\000t\000i\000o\000n}{section*.6}% 12
\BOOKMARK [2][-]{section*.24}{\376\377\000R\000e\000g\000r\000e\000s\000s\000i\000o\000n\000\040\000a\000n\000d\000\040\000c\000l\000a\000s\000s\000i\000f\000i\000c\000a\000t\000i\000o\000n}{section*.6}% 13
\BOOKMARK [1][-]{section*.27}{\376\377\000S\000u\000p\000e\000r\000v\000i\000s\000e\000d\000\040\000a\000n\000d\000\040\000u\000n\000s\000u\000p\000e\000r\000v\000i\000s\000e\000d\000\040\000l\000e\000a\000r\000n\000i\000n\000g}{}% 14
\BOOKMARK [2][-]{section*.28}{\376\377\000S\000u\000p\000e\000r\000v\000i\000s\000e\000d\000\040\000l\000e\000a\000r\000n\000i\000n\000g}{section*.27}% 15
\BOOKMARK [2][-]{section*.29}{\376\377\000U\000n\000s\000u\000p\000e\000r\000v\000i\000s\000e\000d\000\040\000l\000e\000a\000r\000n\000i\000n\000g}{section*.27}% 16
\BOOKMARK [2][-]{section*.30}{\376\377\000S\000e\000m\000i\000-\000s\000u\000p\000e\000r\000v\000i\000s\000e\000d\000\040\000l\000e\000a\000r\000n\000i\000n\000g}{section*.27}% 17
\BOOKMARK [1][-]{section*.32}{\376\377\000M\000o\000d\000e\000l\000s\000\040\000a\000n\000d\000\040\000m\000e\000t\000h\000o\000d\000s}{}% 18
\BOOKMARK [2][-]{section*.33}{\376\377\000P\000a\000r\000a\000m\000e\000t\000r\000i\000c\000\040\000M\000e\000t\000h\000o\000d\000s}{section*.32}% 19
\BOOKMARK [2][-]{section*.34}{\376\377\000N\000o\000n\000-\000p\000a\000r\000a\000m\000e\000t\000r\000i\000c\000\040\000m\000e\000t\000h\000o\000d\000s}{section*.32}% 20
\BOOKMARK [1][-]{section*.38}{\376\377\000P\000r\000e\000d\000i\000c\000t\000i\000o\000n\000\040\000a\000c\000c\000u\000r\000a\000c\000y\000\040\000v\000s\000.\000\040\000i\000n\000t\000e\000r\000p\000r\000e\000t\000a\000b\000i\000l\000i\000t\000y}{}% 21
\BOOKMARK [2][-]{section*.39}{\376\377\000P\000o\000l\000y\000n\000o\000m\000i\000a\000l\000\040\000r\000e\000g\000r\000e\000s\000s\000i\000o\000n\000\040\000e\000x\000a\000m\000p\000l\000e}{section*.38}% 22
\BOOKMARK [2][-]{section*.40}{\376\377\000L\000o\000s\000s\000\040\000f\000u\000n\000c\000t\000i\000o\000n}{section*.38}% 23
\BOOKMARK [2][-]{section*.41}{\376\377\000A\000s\000s\000e\000s\000s\000i\000n\000g\000\040\000m\000o\000d\000e\000l\000\040\000a\000c\000c\000u\000r\000a\000c\000y\000\040\000-\000\040\000a\000n\000d\000\040\000q\000u\000a\000l\000i\000t\000y\000\040\000o\000f\000\040\000f\000i\000t}{section*.38}% 24
\BOOKMARK [2][-]{section*.42}{\376\377\000T\000r\000a\000i\000n\000i\000n\000g\000\040\000M\000S\000E}{section*.38}% 25
\BOOKMARK [2][-]{section*.43}{\376\377\000T\000e\000s\000t\000\040\000M\000S\000E}{section*.38}% 26
\BOOKMARK [1][-]{section*.44}{\376\377\000T\000h\000e\000\040\000B\000i\000a\000s\000-\000V\000a\000r\000i\000a\000n\000c\000e\000\040\000t\000r\000a\000d\000e\000-\000o\000f\000f}{}% 27
\BOOKMARK [1][-]{section*.47}{\376\377\000C\000l\000a\000s\000s\000i\000f\000i\000c\000a\000t\000i\000o\000n}{}% 28
\BOOKMARK [2][-]{section*.50}{\376\377\000S\000y\000n\000t\000h\000e\000t\000i\000c\000\040\000e\000x\000a\000m\000p\000l\000e}{section*.47}% 29
\BOOKMARK [2][-]{section*.51}{\376\377\000T\000r\000a\000i\000n\000i\000n\000g\000\040\000e\000r\000r\000o\000r\000\040\000r\000a\000t\000e}{section*.47}% 30
\BOOKMARK [2][-]{section*.52}{\376\377\000T\000e\000s\000t\000\040\000e\000r\000r\000o\000r\000\040\000r\000a\000t\000e}{section*.47}% 31
\BOOKMARK [2][-]{section*.53}{\376\377\000B\000a\000y\000e\000s\000\040\000c\000l\000a\000s\000s\000i\000f\000i\000e\000r}{section*.47}% 32
\BOOKMARK [2][-]{section*.54}{\376\377\000K\000-\000n\000e\000a\000r\000e\000s\000t\000\040\000n\000e\000i\000g\000h\000b\000o\000u\000r\000\040\000c\000l\000a\000s\000s\000i\000f\000i\000e\000r}{section*.47}% 33
\BOOKMARK [2][-]{section*.55}{\376\377\000T\000h\000e\000\040\000c\000u\000r\000s\000e\000\040\000o\000f\000\040\000d\000i\000m\000e\000n\000s\000i\000o\000n\000a\000l\000i\000t\000y}{section*.47}% 34
\BOOKMARK [2][-]{section*.56}{\376\377\000W\000h\000a\000t\000\040\000w\000a\000s\000\040\000i\000m\000p\000o\000r\000t\000a\000n\000t\000\040\000i\000n\000\040\000P\000a\000r\000t\000\040\000A\000?}{section*.47}% 35
\BOOKMARK [1][-]{section*.57}{\376\377\000R\000a\000n\000d\000o\000m\000\040\000v\000e\000c\000t\000o\000r}{}% 36
\BOOKMARK [2][-]{section*.58}{\376\377\000M\000o\000m\000e\000n\000t\000s}{section*.57}% 37
\BOOKMARK [2][-]{section*.60}{\376\377\000R\000u\000l\000e\000s\000\040\000f\000o\000r\000\040\000m\000e\000a\000n\000s}{section*.57}% 38
\BOOKMARK [2][-]{section*.61}{\376\377\000V\000a\000r\000i\000a\000n\000c\000e\000-\000c\000o\000v\000a\000r\000i\000a\000n\000c\000e\000\040\000m\000a\000t\000r\000i\000x}{section*.57}% 39
\BOOKMARK [2][-]{section*.68}{\376\377\000M\000u\000l\000t\000i\000p\000l\000e\000\040\000c\000h\000o\000i\000c\000e\000\040\000-\000\040\000r\000a\000n\000d\000o\000m\000\040\000v\000e\000c\000t\000o\000r\000s}{section*.57}% 40
\BOOKMARK [2][-]{section*.75}{\376\377\000A\000n\000s\000w\000e\000r\000s\000:}{section*.57}% 41
\BOOKMARK [1][-]{section*.76}{\376\377\000T\000h\000e\000\040\000m\000u\000l\000t\000i\000v\000a\000r\000i\000a\000t\000e\000\040\000n\000o\000r\000m\000a\000l\000\040\000d\000i\000s\000t\000r\000i\000b\000u\000t\000i\000o\000n}{}% 42
\BOOKMARK [2][-]{section*.77}{\376\377\000T\000h\000e\000\040\000m\000u\000l\000t\000i\000v\000a\000r\000i\000a\000t\000e\000\040\000n\000o\000r\000m\000a\000l\000\040\000\050\000m\000v\000N\000\051\000\040\000p\000d\000f}{section*.76}% 43
\BOOKMARK [2][-]{section*.78}{\376\377\000S\000i\000x\000\040\000u\000s\000e\000f\000u\000l\000\040\000p\000r\000o\000p\000e\000r\000t\000i\000e\000s\000\040\000o\000f\000\040\000t\000h\000e\000\040\000m\000v\000N}{section*.76}% 44
\BOOKMARK [2][-]{section*.79}{\376\377\000C\000o\000n\000t\000o\000u\000r\000s\000\040\000o\000f\000\040\000m\000u\000l\000t\000i\000v\000a\000r\000i\000a\000t\000e\000\040\000n\000o\000r\000m\000a\000l\000\040\000d\000i\000s\000t\000r\000i\000b\000u\000t\000i\000o\000n}{section*.76}% 45
\BOOKMARK [2][-]{section*.80}{\376\377\000I\000d\000e\000n\000t\000i\000f\000y\000\040\000t\000h\000e\000\040\0003\000D\000-\000p\000r\000i\000n\000t\000e\000d\000\040\000m\000v\000N\000s}{section*.76}% 46
\BOOKMARK [2][-]{section*.81}{\376\377\000M\000u\000l\000t\000i\000p\000l\000e\000\040\000c\000h\000o\000i\000c\000e\000\040\000-\000\040\000m\000u\000l\000t\000i\000v\000a\000r\000i\000a\000t\000e\000\040\000n\000o\000r\000m\000a\000l}{section*.76}% 47
\BOOKMARK [2][-]{section*.89}{\376\377\000A\000n\000s\000w\000e\000r\000s\000:}{section*.76}% 48
\BOOKMARK [1][-]{section*.90}{\376\377\000P\000l\000a\000n\000\040\000f\000o\000r\000\040\000t\000h\000e\000\040\000i\000n\000t\000r\000o\000d\000u\000c\000t\000o\000r\000y\000\040\000l\000e\000c\000t\000u\000r\000e}{}% 49
\BOOKMARK [1][-]{section*.91}{\376\377\000R\000e\000c\000o\000m\000m\000e\000n\000d\000e\000d\000\040\000e\000x\000e\000r\000c\000i\000s\000e\000s}{}% 50
\BOOKMARK [2][-]{section*.92}{\376\377\000P\000r\000o\000b\000l\000e\000m\000\040\0001\000:\000\040\000R\000e\000f\000l\000e\000c\000t\000i\000o\000n\000s\000\040\000a\000n\000d\000\040\000p\000r\000a\000c\000t\000i\000c\000a\000l\000s}{section*.91}% 51
\BOOKMARK [2][-]{section*.93}{\376\377\000P\000r\000o\000b\000l\000e\000m\000\040\0002\000:\000\040\000C\000o\000r\000e\000\040\000c\000o\000n\000c\000e\000p\000t\000s\000\040\000i\000n\000\040\000s\000t\000a\000t\000i\000s\000t\000i\000c\000a\000l\000\040\000l\000e\000a\000r\000n\000i\000n\000g}{section*.91}% 52
\BOOKMARK [2][-]{section*.94}{\376\377\000a\000\051\000\040\000T\000r\000a\000i\000n\000i\000n\000g\000\040\000a\000n\000d\000\040\000t\000e\000s\000t\000\040\000M\000S\000E}{section*.91}% 53
\BOOKMARK [2][-]{section*.95}{\376\377\000b\000\051\000\040\000B\000i\000a\000s\000-\000v\000a\000r\000i\000a\000n\000c\000e\000\040\000t\000r\000a\000d\000e\000-\000o\000f\000f}{section*.91}% 54
\BOOKMARK [2][-]{section*.96}{\376\377\000P\000r\000o\000b\000l\000e\000m\000\040\0003\000:\000\040\000T\000h\000e\000o\000r\000y\000\040\000a\000n\000d\000\040\000p\000r\000a\000c\000t\000i\000c\000e\000\040\000-\000\040\000M\000S\000E\000t\000r\000a\000i\000n\000,\000\040\000M\000S\000E\000t\000e\000s\000t\000,\000\040\000a\000n\000d\000\040\000b\000i\000a\000s\000-\000v\000a\000r\000i\000a\000n\000c\000e}{section*.91}% 55
\BOOKMARK [1][-]{section*.101}{\376\377\000E\000x\000a\000m\000\040\000p\000r\000o\000b\000l\000e\000m\000s}{}% 56
\BOOKMARK [2][-]{section*.102}{\376\377\000M\000C\000Q\000-\000t\000y\000p\000e\000\040\000p\000r\000o\000b\000l\000e\000m\000s}{section*.101}% 57
\BOOKMARK [2][-]{section*.103}{\376\377\000E\000x\000a\000m\000\040\0002\0000\0001\0008\000\040\000P\000r\000o\000b\000l\000e\000m\000\040\0002\000:\000\040\000A\000n\000d\000\040\000i\000m\000p\000o\000r\000t\000a\000n\000t\000\040\000d\000e\000c\000o\000m\000p\000o\000s\000i\000t\000i\000o\000n\000\040\000i\000n\000\040\000r\000e\000g\000r\000e\000s\000s\000i\000o\000n}{section*.101}% 58
\BOOKMARK [1][-]{section*.104}{\376\377\000\040\000F\000u\000r\000t\000h\000e\000r\000\040\000r\000e\000a\000d\000i\000n\000g\000/\000r\000e\000s\000o\000u\000r\000c\000e\000s}{}% 59
\BOOKMARK [1][-]{section*.105}{\376\377\000\040\000R\000\040\000p\000a\000c\000k\000a\000g\000e\000s}{}% 60
\BOOKMARK [1][-]{section*.106}{\376\377\000A\000c\000k\000n\000o\000w\000l\000e\000d\000g\000e\000m\000e\000n\000t\000s}{}% 61
